<?xml version="1.0" encoding="UTF-8"?>
<!-- Generated by org.testng.reporters.JUnitXMLReporter -->
<testsuite hostname="WBLL0717E4282" ignored="0" name="Default test" tests="3" failures="0" timestamp="28 May 2019 09:54:58 GMT" time="65.264" errors="0">
  <testcase name="Login" time="7.68" classname="com.org.callhub.LoginPage"/>
  <testcase name="LoginSign" time="23.379" classname="com.org.callhub.LoginPage"/>
  <testcase name="Voice" time="34.156" classname="com.org.callhub.LoginPage"/>
</testsuite> <!-- Default test -->
